# JRE version: Java(TM) SE Runtime Environment (8.0_66-b18) (build 1.8.0_66-b18)
# Java VM: Java HotSpot(TM) Client VM (25.66-b18 mixed mode, sharing windows-x86 )
Heap:
 def new generation   total 4928K, used 2795K [0x04400000, 0x04950000, 0x09950000)
  eden space 4416K,  58% used [0x04400000, 0x04687c30, 0x04850000)
  from space 512K,  39% used [0x048d0000, 0x04903078, 0x04950000)
  to   space 512K,   0% used [0x04850000, 0x04850000, 0x048d0000)
 tenured generation   total 10944K, used 10043K [0x09950000, 0x0a400000, 0x14400000)
   the space 10944K,  91% used [0x09950000, 0x0a31ed78, 0x0a31ee00, 0x0a400000)
 Metaspace       used 716K, capacity 2641K, committed 2752K, reserved 4480K
GC Heap History (10 events):
Event: 3.535 GC heap before
{Heap before GC invocations=6 (full 0):
 def new generation   total 4928K, used 3820K [0x04400000, 0x04950000, 0x09950000)
  eden space 4416K,  81% used [0x04400000, 0x047866a0, 0x04850000)
  from space 512K,  41% used [0x04850000, 0x048849b8, 0x048d0000)
  to   space 512K,   0% used [0x048d0000, 0x048d0000, 0x04950000)
 tenured generation   total 10944K, used 6281K [0x09950000, 0x0a400000, 0x14400000)
   the space 10944K,  57% used [0x09950000, 0x09f72610, 0x09f72800, 0x0a400000)
 Metaspace       used 567K, capacity 2592K, committed 2624K, reserved 4480K
Event: 3.537 GC heap after
Heap after GC invocations=7 (full 0):
 def new generation   total 4928K, used 203K [0x04400000, 0x04950000, 0x09950000)
  eden space 4416K,   0% used [0x04400000, 0x04400000, 0x04850000)
  from space 512K,  39% used [0x048d0000, 0x04902e28, 0x04950000)
  to   space 512K,   0% used [0x04850000, 0x04850000, 0x048d0000)
 tenured generation   total 10944K, used 6281K [0x09950000, 0x0a400000, 0x14400000)
   the space 10944K,  57% used [0x09950000, 0x09f72610, 0x09f72800, 0x0a400000)
 Metaspace       used 567K, capacity 2592K, committed 2624K, reserved 4480K
}
Event: 3.718 GC heap before
{Heap before GC invocations=7 (full 0):
 def new generation   total 4928K, used 4619K [0x04400000, 0x04950000, 0x09950000)
  eden space 4416K, 100% used [0x04400000, 0x04850000, 0x04850000)
  from space 512K,  39% used [0x048d0000, 0x04902e28, 0x04950000)
  to   space 512K,   0% used [0x04850000, 0x04850000, 0x048d0000)
 tenured generation   total 10944K, used 6281K [0x09950000, 0x0a400000, 0x14400000)
   the space 10944K,  57% used [0x09950000, 0x09f72610, 0x09f72800, 0x0a400000)
 Metaspace       used 567K, capacity 2592K, committed 2624K, reserved 4480K
Event: 3.724 GC heap after
Heap after GC invocations=8 (full 0):
 def new generation   total 4928K, used 213K [0x04400000, 0x04950000, 0x09950000)
  eden space 4416K,   0% used [0x04400000, 0x04400000, 0x04850000)
  from space 512K,  41% used [0x04850000, 0x04885420, 0x048d0000)
  to   space 512K,   0% used [0x048d0000, 0x048d0000, 0x04950000)
 tenured generation   total 10944K, used 10043K [0x09950000, 0x0a400000, 0x14400000)
   the space 10944K,  91% used [0x09950000, 0x0a31ed78, 0x0a31ee00, 0x0a400000)
 Metaspace       used 567K, capacity 2592K, committed 2624K, reserved 4480K
}
Event: 4.618 GC heap before
{Heap before GC invocations=8 (full 0):
 def new generation   total 4928K, used 4629K [0x04400000, 0x04950000, 0x09950000)
  eden space 4416K, 100% used [0x04400000, 0x04850000, 0x04850000)
  from space 512K,  41% used [0x04850000, 0x04885420, 0x048d0000)
  to   space 512K,   0% used [0x048d0000, 0x048d0000, 0x04950000)
 tenured generation   total 10944K, used 10043K [0x09950000, 0x0a400000, 0x14400000)
   the space 10944K,  91% used [0x09950000, 0x0a31ed78, 0x0a31ee00, 0x0a400000)
 Metaspace       used 567K, capacity 2592K, committed 2624K, reserved 4480K
Event: 4.619 GC heap after
Heap after GC invocations=9 (full 0):
 def new generation   total 4928K, used 206K [0x04400000, 0x04950000, 0x09950000)
  eden space 4416K,   0% used [0x04400000, 0x04400000, 0x04850000)
  from space 512K,  40% used [0x048d0000, 0x04903bc8, 0x04950000)
  to   space 512K,   0% used [0x04850000, 0x04850000, 0x048d0000)
 tenured generation   total 10944K, used 10043K [0x09950000, 0x0a400000, 0x14400000)
   the space 10944K,  91% used [0x09950000, 0x0a31ed78, 0x0a31ee00, 0x0a400000)
 Metaspace       used 567K, capacity 2592K, committed 2624K, reserved 4480K
}
Event: 5.499 GC heap before
{Heap before GC invocations=9 (full 0):
 def new generation   total 4928K, used 4623K [0x04400000, 0x04950000, 0x09950000)
  eden space 4416K, 100% used [0x04400000, 0x04850000, 0x04850000)
  from space 512K,  40% used [0x048d0000, 0x04903c40, 0x04950000)
  to   space 512K,   0% used [0x04850000, 0x04850000, 0x048d0000)
 tenured generation   total 10944K, used 10043K [0x09950000, 0x0a400000, 0x14400000)
   the space 10944K,  91% used [0x09950000, 0x0a31ed78, 0x0a31ee00, 0x0a400000)
 Metaspace       used 567K, capacity 2592K, committed 2624K, reserved 4480K
Event: 5.501 GC heap after
Heap after GC invocations=10 (full 0):
 def new generation   total 4928K, used 203K [0x04400000, 0x04950000, 0x09950000)
  eden space 4416K,   0% used [0x04400000, 0x04400000, 0x04850000)
  from space 512K,  39% used [0x04850000, 0x04882f38, 0x048d0000)
  to   space 512K,   0% used [0x048d0000, 0x048d0000, 0x04950000)
 tenured generation   total 10944K, used 10043K [0x09950000, 0x0a400000, 0x14400000)
   the space 10944K,  91% used [0x09950000, 0x0a31ed78, 0x0a31ee00, 0x0a400000)
 Metaspace       used 567K, capacity 2592K, committed 2624K, reserved 4480K
}
Event: 6.358 GC heap before
{Heap before GC invocations=10 (full 0):
 def new generation   total 4928K, used 4619K [0x04400000, 0x04950000, 0x09950000)
  eden space 4416K, 100% used [0x04400000, 0x04850000, 0x04850000)
  from space 512K,  39% used [0x04850000, 0x04882f38, 0x048d0000)
  to   space 512K,   0% used [0x048d0000, 0x048d0000, 0x04950000)
 tenured generation   total 10944K, used 10043K [0x09950000, 0x0a400000, 0x14400000)
   the space 10944K,  91% used [0x09950000, 0x0a31ed78, 0x0a31ee00, 0x0a400000)
 Metaspace       used 567K, capacity 2592K, committed 2624K, reserved 4480K
Event: 6.360 GC heap after
Heap after GC invocations=11 (full 0):
 def new generation   total 4928K, used 204K [0x04400000, 0x04950000, 0x09950000)
  eden space 4416K,   0% used [0x04400000, 0x04400000, 0x04850000)
  from space 512K,  39% used [0x048d0000, 0x04903078, 0x04950000)
  to   space 512K,   0% used [0x04850000, 0x04850000, 0x048d0000)
 tenured generation   total 10944K, used 10043K [0x09950000, 0x0a400000, 0x14400000)
   the space 10944K,  91% used [0x09950000, 0x0a31ed78, 0x0a31ee00, 0x0a400000)
 Metaspace       used 567K, capacity 2592K, committed 2624K, reserved 4480K
}

