# JRE version: Java(TM) SE Runtime Environment (8.0_66-b18) (build 1.8.0_66-b18)
# Java VM: Java HotSpot(TM) Client VM (25.66-b18 mixed mode, sharing windows-x86 )
Heap:
 def new generation   total 7744K, used 827K [0x04200000, 0x04a60000, 0x09750000)
  eden space 6912K,  11% used [0x04200000, 0x042cef78, 0x048c0000)
  from space 832K,   0% used [0x048c0000, 0x048c0000, 0x04990000)
  to   space 832K,   0% used [0x04990000, 0x04990000, 0x04a60000)
 tenured generation   total 17104K, used 10262K [0x09750000, 0x0a804000, 0x14200000)
   the space 17104K,  59% used [0x09750000, 0x0a1558d0, 0x0a155a00, 0x0a804000)
 Metaspace       used 659K, capacity 2624K, committed 2624K, reserved 4480K
GC Heap History (8 events):
Event: 0.450 GC heap before
{Heap before GC invocations=0 (full 0):
 def new generation   total 4928K, used 3596K [0x04200000, 0x04750000, 0x09750000)
  eden space 4416K,  81% used [0x04200000, 0x045833b8, 0x04650000)
  from space 512K,   0% used [0x04650000, 0x04650000, 0x046d0000)
  to   space 512K,   0% used [0x046d0000, 0x046d0000, 0x04750000)
 tenured generation   total 10944K, used 0K [0x09750000, 0x0a200000, 0x14200000)
   the space 10944K,   0% used [0x09750000, 0x09750000, 0x09750200, 0x0a200000)
 Metaspace       used 345K, capacity 2592K, committed 2624K, reserved 4480K
Event: 0.460 GC heap after
Heap after GC invocations=1 (full 0):
 def new generation   total 4928K, used 512K [0x04200000, 0x04750000, 0x09750000)
  eden space 4416K,   0% used [0x04200000, 0x04200000, 0x04650000)
  from space 512K, 100% used [0x046d0000, 0x04750000, 0x04750000)
  to   space 512K,   0% used [0x04650000, 0x04650000, 0x046d0000)
 tenured generation   total 10944K, used 626K [0x09750000, 0x0a200000, 0x14200000)
   the space 10944K,   5% used [0x09750000, 0x097ec800, 0x097ec800, 0x0a200000)
 Metaspace       used 345K, capacity 2592K, committed 2624K, reserved 4480K
}
Event: 0.679 GC heap before
{Heap before GC invocations=1 (full 0):
 def new generation   total 4928K, used 4928K [0x04200000, 0x04750000, 0x09750000)
  eden space 4416K, 100% used [0x04200000, 0x04650000, 0x04650000)
  from space 512K, 100% used [0x046d0000, 0x04750000, 0x04750000)
  to   space 512K,   0% used [0x04650000, 0x04650000, 0x046d0000)
 tenured generation   total 10944K, used 6659K [0x09750000, 0x0a200000, 0x14200000)
   the space 10944K,  60% used [0x09750000, 0x09dd0e68, 0x09dd1000, 0x0a200000)
 Metaspace       used 650K, capacity 2624K, committed 2624K, reserved 4480K
Event: 0.687 GC heap after
Heap after GC invocations=2 (full 0):
 def new generation   total 4928K, used 119K [0x04200000, 0x04750000, 0x09750000)
  eden space 4416K,   0% used [0x04200000, 0x04200000, 0x04650000)
  from space 512K,  23% used [0x04650000, 0x0466de18, 0x046d0000)
  to   space 512K,   0% used [0x046d0000, 0x046d0000, 0x04750000)
 tenured generation   total 10944K, used 10040K [0x09750000, 0x0a200000, 0x14200000)
   the space 10944K,  91% used [0x09750000, 0x0a11e1d8, 0x0a11e200, 0x0a200000)
 Metaspace       used 650K, capacity 2624K, committed 2624K, reserved 4480K
}
Event: 0.860 GC heap before
{Heap before GC invocations=2 (full 0):
 def new generation   total 4928K, used 4535K [0x04200000, 0x04750000, 0x09750000)
  eden space 4416K,  99% used [0x04200000, 0x0464fe38, 0x04650000)
  from space 512K,  23% used [0x04650000, 0x0466de18, 0x046d0000)
  to   space 512K,   0% used [0x046d0000, 0x046d0000, 0x04750000)
 tenured generation   total 10944K, used 10040K [0x09750000, 0x0a200000, 0x14200000)
   the space 10944K,  91% used [0x09750000, 0x0a11e1d8, 0x0a11e200, 0x0a200000)
 Metaspace       used 650K, capacity 2624K, committed 2624K, reserved 4480K
Event: 0.861 GC heap after
Heap after GC invocations=3 (full 0):
 def new generation   total 4928K, used 95K [0x04200000, 0x04750000, 0x09750000)
  eden space 4416K,   0% used [0x04200000, 0x04200000, 0x04650000)
  from space 512K,  18% used [0x046d0000, 0x046e7c48, 0x04750000)
  to   space 512K,   0% used [0x04650000, 0x04650000, 0x046d0000)
 tenured generation   total 10944K, used 10040K [0x09750000, 0x0a200000, 0x14200000)
   the space 10944K,  91% used [0x09750000, 0x0a11e1d8, 0x0a11e200, 0x0a200000)
 Metaspace       used 650K, capacity 2624K, committed 2624K, reserved 4480K
}
Event: 0.945 GC heap before
{Heap before GC invocations=3 (full 0):
 def new generation   total 4928K, used 4511K [0x04200000, 0x04750000, 0x09750000)
  eden space 4416K, 100% used [0x04200000, 0x04650000, 0x04650000)
  from space 512K,  18% used [0x046d0000, 0x046e7c48, 0x04750000)
  to   space 512K,   0% used [0x04650000, 0x04650000, 0x046d0000)
 tenured generation   total 10944K, used 10040K [0x09750000, 0x0a200000, 0x14200000)
   the space 10944K,  91% used [0x09750000, 0x0a11e1d8, 0x0a11e200, 0x0a200000)
 Metaspace       used 654K, capacity 2624K, committed 2624K, reserved 4480K
Event: 0.963 GC heap after
Heap after GC invocations=4 (full 1):
 def new generation   total 7744K, used 0K [0x04200000, 0x04a60000, 0x09750000)
  eden space 6912K,   0% used [0x04200000, 0x04200000, 0x048c0000)
  from space 832K,   0% used [0x048c0000, 0x048c0000, 0x04990000)
  to   space 832K,   0% used [0x04990000, 0x04990000, 0x04a60000)
 tenured generation   total 17104K, used 10262K [0x09750000, 0x0a804000, 0x14200000)
   the space 17104K,  59% used [0x09750000, 0x0a1558d0, 0x0a155a00, 0x0a804000)
 Metaspace       used 654K, capacity 2624K, committed 2624K, reserved 4480K
}

