# JRE version: Java(TM) SE Runtime Environment (8.0_66-b18) (build 1.8.0_66-b18)
# Java VM: Java HotSpot(TM) Client VM (25.66-b18 mixed mode, sharing windows-x86 )
Heap:
 def new generation   total 7808K, used 768K [0x04400000, 0x04c70000, 0x09950000)
  eden space 6976K,  11% used [0x04400000, 0x044c0058, 0x04ad0000)
  from space 832K,   0% used [0x04ad0000, 0x04ad0000, 0x04ba0000)
  to   space 832K,   0% used [0x04ba0000, 0x04ba0000, 0x04c70000)
 tenured generation   total 17184K, used 10309K [0x09950000, 0x0aa18000, 0x14400000)
   the space 17184K,  59% used [0x09950000, 0x0a361728, 0x0a361800, 0x0aa18000)
 Metaspace       used 658K, capacity 2624K, committed 2624K, reserved 4480K
GC Heap History (8 events):
Event: 0.442 GC heap before
{Heap before GC invocations=0 (full 0):
 def new generation   total 4928K, used 3596K [0x04400000, 0x04950000, 0x09950000)
  eden space 4416K,  81% used [0x04400000, 0x04783240, 0x04850000)
  from space 512K,   0% used [0x04850000, 0x04850000, 0x048d0000)
  to   space 512K,   0% used [0x048d0000, 0x048d0000, 0x04950000)
 tenured generation   total 10944K, used 0K [0x09950000, 0x0a400000, 0x14400000)
   the space 10944K,   0% used [0x09950000, 0x09950000, 0x09950200, 0x0a400000)
 Metaspace       used 345K, capacity 2592K, committed 2624K, reserved 4480K
Event: 0.452 GC heap after
Heap after GC invocations=1 (full 0):
 def new generation   total 4928K, used 512K [0x04400000, 0x04950000, 0x09950000)
  eden space 4416K,   0% used [0x04400000, 0x04400000, 0x04850000)
  from space 512K, 100% used [0x048d0000, 0x04950000, 0x04950000)
  to   space 512K,   0% used [0x04850000, 0x04850000, 0x048d0000)
 tenured generation   total 10944K, used 625K [0x09950000, 0x0a400000, 0x14400000)
   the space 10944K,   5% used [0x09950000, 0x099ec440, 0x099ec600, 0x0a400000)
 Metaspace       used 345K, capacity 2592K, committed 2624K, reserved 4480K
}
Event: 0.722 GC heap before
{Heap before GC invocations=1 (full 0):
 def new generation   total 4928K, used 4928K [0x04400000, 0x04950000, 0x09950000)
  eden space 4416K, 100% used [0x04400000, 0x04850000, 0x04850000)
  from space 512K, 100% used [0x048d0000, 0x04950000, 0x04950000)
  to   space 512K,   0% used [0x04850000, 0x04850000, 0x048d0000)
 tenured generation   total 10944K, used 6658K [0x09950000, 0x0a400000, 0x14400000)
   the space 10944K,  60% used [0x09950000, 0x09fd0aa8, 0x09fd0c00, 0x0a400000)
 Metaspace       used 650K, capacity 2624K, committed 2624K, reserved 4480K
Event: 0.729 GC heap after
Heap after GC invocations=2 (full 0):
 def new generation   total 4928K, used 120K [0x04400000, 0x04950000, 0x09950000)
  eden space 4416K,   0% used [0x04400000, 0x04400000, 0x04850000)
  from space 512K,  23% used [0x04850000, 0x0486e158, 0x048d0000)
  to   space 512K,   0% used [0x048d0000, 0x048d0000, 0x04950000)
 tenured generation   total 10944K, used 10039K [0x09950000, 0x0a400000, 0x14400000)
   the space 10944K,  91% used [0x09950000, 0x0a31dc90, 0x0a31de00, 0x0a400000)
 Metaspace       used 650K, capacity 2624K, committed 2624K, reserved 4480K
}
Event: 0.902 GC heap before
{Heap before GC invocations=2 (full 0):
 def new generation   total 4928K, used 4533K [0x04400000, 0x04950000, 0x09950000)
  eden space 4416K,  99% used [0x04400000, 0x0484f2b0, 0x04850000)
  from space 512K,  23% used [0x04850000, 0x0486e158, 0x048d0000)
  to   space 512K,   0% used [0x048d0000, 0x048d0000, 0x04950000)
 tenured generation   total 10944K, used 10039K [0x09950000, 0x0a400000, 0x14400000)
   the space 10944K,  91% used [0x09950000, 0x0a31dc90, 0x0a31de00, 0x0a400000)
 Metaspace       used 650K, capacity 2624K, committed 2624K, reserved 4480K
Event: 0.903 GC heap after
Heap after GC invocations=3 (full 0):
 def new generation   total 4928K, used 95K [0x04400000, 0x04950000, 0x09950000)
  eden space 4416K,   0% used [0x04400000, 0x04400000, 0x04850000)
  from space 512K,  18% used [0x048d0000, 0x048e7f68, 0x04950000)
  to   space 512K,   0% used [0x04850000, 0x04850000, 0x048d0000)
 tenured generation   total 10944K, used 10039K [0x09950000, 0x0a400000, 0x14400000)
   the space 10944K,  91% used [0x09950000, 0x0a31dc90, 0x0a31de00, 0x0a400000)
 Metaspace       used 650K, capacity 2624K, committed 2624K, reserved 4480K
}
Event: 0.992 GC heap before
{Heap before GC invocations=3 (full 0):
 def new generation   total 4928K, used 4511K [0x04400000, 0x04950000, 0x09950000)
  eden space 4416K, 100% used [0x04400000, 0x04850000, 0x04850000)
  from space 512K,  18% used [0x048d0000, 0x048e7f68, 0x04950000)
  to   space 512K,   0% used [0x04850000, 0x04850000, 0x048d0000)
 tenured generation   total 10944K, used 10039K [0x09950000, 0x0a400000, 0x14400000)
   the space 10944K,  91% used [0x09950000, 0x0a31dc90, 0x0a31de00, 0x0a400000)
 Metaspace       used 653K, capacity 2624K, committed 2624K, reserved 4480K
Event: 1.009 GC heap after
Heap after GC invocations=4 (full 1):
 def new generation   total 7808K, used 0K [0x04400000, 0x04c70000, 0x09950000)
  eden space 6976K,   0% used [0x04400000, 0x04400000, 0x04ad0000)
  from space 832K,   0% used [0x04ad0000, 0x04ad0000, 0x04ba0000)
  to   space 832K,   0% used [0x04ba0000, 0x04ba0000, 0x04c70000)
 tenured generation   total 17184K, used 10309K [0x09950000, 0x0aa18000, 0x14400000)
   the space 17184K,  59% used [0x09950000, 0x0a361728, 0x0a361800, 0x0aa18000)
 Metaspace       used 653K, capacity 2624K, committed 2624K, reserved 4480K
}

