# JRE version: Java(TM) SE Runtime Environment (8.0_66-b18) (build 1.8.0_66-b18)
# Java VM: Java HotSpot(TM) Client VM (25.66-b18 mixed mode, sharing windows-x86 )
Heap:
 def new generation   total 7808K, used 1307K [0x04200000, 0x04a70000, 0x09750000)
  eden space 6976K,  18% used [0x04200000, 0x04346ec8, 0x048d0000)
  from space 832K,   0% used [0x048d0000, 0x048d0000, 0x049a0000)
  to   space 832K,   0% used [0x049a0000, 0x049a0000, 0x04a70000)
 tenured generation   total 17188K, used 10310K [0x09750000, 0x0a819000, 0x14200000)
   the space 17188K,  59% used [0x09750000, 0x0a161a80, 0x0a161c00, 0x0a819000)
 Metaspace       used 659K, capacity 2624K, committed 2624K, reserved 4480K
GC Heap History (8 events):
Event: 0.471 GC heap before
{Heap before GC invocations=0 (full 0):
 def new generation   total 4928K, used 3596K [0x04200000, 0x04750000, 0x09750000)
  eden space 4416K,  81% used [0x04200000, 0x045830c8, 0x04650000)
  from space 512K,   0% used [0x04650000, 0x04650000, 0x046d0000)
  to   space 512K,   0% used [0x046d0000, 0x046d0000, 0x04750000)
 tenured generation   total 10944K, used 0K [0x09750000, 0x0a200000, 0x14200000)
   the space 10944K,   0% used [0x09750000, 0x09750000, 0x09750200, 0x0a200000)
 Metaspace       used 345K, capacity 2592K, committed 2624K, reserved 4480K
Event: 0.482 GC heap after
Heap after GC invocations=1 (full 0):
 def new generation   total 4928K, used 512K [0x04200000, 0x04750000, 0x09750000)
  eden space 4416K,   0% used [0x04200000, 0x04200000, 0x04650000)
  from space 512K, 100% used [0x046d0000, 0x04750000, 0x04750000)
  to   space 512K,   0% used [0x04650000, 0x04650000, 0x046d0000)
 tenured generation   total 10944K, used 625K [0x09750000, 0x0a200000, 0x14200000)
   the space 10944K,   5% used [0x09750000, 0x097ec440, 0x097ec600, 0x0a200000)
 Metaspace       used 345K, capacity 2592K, committed 2624K, reserved 4480K
}
Event: 0.769 GC heap before
{Heap before GC invocations=1 (full 0):
 def new generation   total 4928K, used 4928K [0x04200000, 0x04750000, 0x09750000)
  eden space 4416K, 100% used [0x04200000, 0x04650000, 0x04650000)
  from space 512K, 100% used [0x046d0000, 0x04750000, 0x04750000)
  to   space 512K,   0% used [0x04650000, 0x04650000, 0x046d0000)
 tenured generation   total 10944K, used 6658K [0x09750000, 0x0a200000, 0x14200000)
   the space 10944K,  60% used [0x09750000, 0x09dd0aa8, 0x09dd0c00, 0x0a200000)
 Metaspace       used 650K, capacity 2624K, committed 2624K, reserved 4480K
Event: 0.777 GC heap after
Heap after GC invocations=2 (full 0):
 def new generation   total 4928K, used 120K [0x04200000, 0x04750000, 0x09750000)
  eden space 4416K,   0% used [0x04200000, 0x04200000, 0x04650000)
  from space 512K,  23% used [0x04650000, 0x0466e158, 0x046d0000)
  to   space 512K,   0% used [0x046d0000, 0x046d0000, 0x04750000)
 tenured generation   total 10944K, used 10039K [0x09750000, 0x0a200000, 0x14200000)
   the space 10944K,  91% used [0x09750000, 0x0a11dc90, 0x0a11de00, 0x0a200000)
 Metaspace       used 650K, capacity 2624K, committed 2624K, reserved 4480K
}
Event: 0.948 GC heap before
{Heap before GC invocations=2 (full 0):
 def new generation   total 4928K, used 4533K [0x04200000, 0x04750000, 0x09750000)
  eden space 4416K,  99% used [0x04200000, 0x0464f2b0, 0x04650000)
  from space 512K,  23% used [0x04650000, 0x0466e158, 0x046d0000)
  to   space 512K,   0% used [0x046d0000, 0x046d0000, 0x04750000)
 tenured generation   total 10944K, used 10039K [0x09750000, 0x0a200000, 0x14200000)
   the space 10944K,  91% used [0x09750000, 0x0a11dc90, 0x0a11de00, 0x0a200000)
 Metaspace       used 650K, capacity 2624K, committed 2624K, reserved 4480K
Event: 0.949 GC heap after
Heap after GC invocations=3 (full 0):
 def new generation   total 4928K, used 95K [0x04200000, 0x04750000, 0x09750000)
  eden space 4416K,   0% used [0x04200000, 0x04200000, 0x04650000)
  from space 512K,  18% used [0x046d0000, 0x046e7f68, 0x04750000)
  to   space 512K,   0% used [0x04650000, 0x04650000, 0x046d0000)
 tenured generation   total 10944K, used 10039K [0x09750000, 0x0a200000, 0x14200000)
   the space 10944K,  91% used [0x09750000, 0x0a11dc90, 0x0a11de00, 0x0a200000)
 Metaspace       used 650K, capacity 2624K, committed 2624K, reserved 4480K
}
Event: 1.033 GC heap before
{Heap before GC invocations=3 (full 0):
 def new generation   total 4928K, used 4511K [0x04200000, 0x04750000, 0x09750000)
  eden space 4416K, 100% used [0x04200000, 0x04650000, 0x04650000)
  from space 512K,  18% used [0x046d0000, 0x046e7f68, 0x04750000)
  to   space 512K,   0% used [0x04650000, 0x04650000, 0x046d0000)
 tenured generation   total 10944K, used 10039K [0x09750000, 0x0a200000, 0x14200000)
   the space 10944K,  91% used [0x09750000, 0x0a11dc90, 0x0a11de00, 0x0a200000)
 Metaspace       used 653K, capacity 2624K, committed 2624K, reserved 4480K
Event: 1.051 GC heap after
Heap after GC invocations=4 (full 1):
 def new generation   total 7808K, used 0K [0x04200000, 0x04a70000, 0x09750000)
  eden space 6976K,   0% used [0x04200000, 0x04200000, 0x048d0000)
  from space 832K,   0% used [0x048d0000, 0x048d0000, 0x049a0000)
  to   space 832K,   0% used [0x049a0000, 0x049a0000, 0x04a70000)
 tenured generation   total 17188K, used 10310K [0x09750000, 0x0a819000, 0x14200000)
   the space 17188K,  59% used [0x09750000, 0x0a161a80, 0x0a161c00, 0x0a819000)
 Metaspace       used 653K, capacity 2624K, committed 2624K, reserved 4480K
}

