# JRE version: Java(TM) SE Runtime Environment (8.0_66-b18) (build 1.8.0_66-b18)
# Java VM: Java HotSpot(TM) Client VM (25.66-b18 mixed mode, sharing windows-x86 )
Heap:
 def new generation   total 4928K, used 1330K [0x04400000, 0x04950000, 0x09950000)
  eden space 4416K,  21% used [0x04400000, 0x044ed6b0, 0x04850000)
  from space 512K,  74% used [0x04850000, 0x048af248, 0x048d0000)
  to   space 512K,   0% used [0x048d0000, 0x048d0000, 0x04950000)
 tenured generation   total 10944K, used 10046K [0x09950000, 0x0a400000, 0x14400000)
   the space 10944K,  91% used [0x09950000, 0x0a31fb98, 0x0a31fc00, 0x0a400000)
 Metaspace       used 716K, capacity 2641K, committed 2752K, reserved 4480K
GC Heap History (10 events):
Event: 1.599 GC heap before
{Heap before GC invocations=3 (full 0):
 def new generation   total 4928K, used 1472K [0x04400000, 0x04950000, 0x09950000)
  eden space 4416K,  27% used [0x04400000, 0x0452ac70, 0x04850000)
  from space 512K,  54% used [0x048d0000, 0x04915480, 0x04950000)
  to   space 512K,   0% used [0x04850000, 0x04850000, 0x048d0000)
 tenured generation   total 10944K, used 2070K [0x09950000, 0x0a400000, 0x14400000)
   the space 10944K,  18% used [0x09950000, 0x09b558d8, 0x09b55a00, 0x0a400000)
 Metaspace       used 557K, capacity 2592K, committed 2624K, reserved 4480K
Event: 1.602 GC heap after
Heap after GC invocations=4 (full 0):
 def new generation   total 4928K, used 195K [0x04400000, 0x04950000, 0x09950000)
  eden space 4416K,   0% used [0x04400000, 0x04400000, 0x04850000)
  from space 512K,  38% used [0x04850000, 0x04880e18, 0x048d0000)
  to   space 512K,   0% used [0x048d0000, 0x048d0000, 0x04950000)
 tenured generation   total 10944K, used 2342K [0x09950000, 0x0a400000, 0x14400000)
   the space 10944K,  21% used [0x09950000, 0x09b99ab8, 0x09b99c00, 0x0a400000)
 Metaspace       used 557K, capacity 2592K, committed 2624K, reserved 4480K
}
Event: 1.700 GC heap before
{Heap before GC invocations=4 (full 0):
 def new generation   total 4928K, used 4611K [0x04400000, 0x04950000, 0x09950000)
  eden space 4416K, 100% used [0x04400000, 0x04850000, 0x04850000)
  from space 512K,  38% used [0x04850000, 0x04880e18, 0x048d0000)
  to   space 512K,   0% used [0x048d0000, 0x048d0000, 0x04950000)
 tenured generation   total 10944K, used 2342K [0x09950000, 0x0a400000, 0x14400000)
   the space 10944K,  21% used [0x09950000, 0x09b99ab8, 0x09b99c00, 0x0a400000)
 Metaspace       used 566K, capacity 2592K, committed 2624K, reserved 4480K
Event: 1.708 GC heap after
Heap after GC invocations=5 (full 0):
 def new generation   total 4928K, used 205K [0x04400000, 0x04950000, 0x09950000)
  eden space 4416K,   0% used [0x04400000, 0x04400000, 0x04850000)
  from space 512K,  40% used [0x048d0000, 0x04903680, 0x04950000)
  to   space 512K,   0% used [0x04850000, 0x04850000, 0x048d0000)
 tenured generation   total 10944K, used 6285K [0x09950000, 0x0a400000, 0x14400000)
   the space 10944K,  57% used [0x09950000, 0x09f73430, 0x09f73600, 0x0a400000)
 Metaspace       used 566K, capacity 2592K, committed 2624K, reserved 4480K
}
Event: 2.616 GC heap before
{Heap before GC invocations=5 (full 0):
 def new generation   total 4928K, used 4621K [0x04400000, 0x04950000, 0x09950000)
  eden space 4416K, 100% used [0x04400000, 0x04850000, 0x04850000)
  from space 512K,  40% used [0x048d0000, 0x04903680, 0x04950000)
  to   space 512K,   0% used [0x04850000, 0x04850000, 0x048d0000)
 tenured generation   total 10944K, used 6285K [0x09950000, 0x0a400000, 0x14400000)
   the space 10944K,  57% used [0x09950000, 0x09f73430, 0x09f73600, 0x0a400000)
 Metaspace       used 566K, capacity 2592K, committed 2624K, reserved 4480K
Event: 2.617 GC heap after
Heap after GC invocations=6 (full 0):
 def new generation   total 4928K, used 209K [0x04400000, 0x04950000, 0x09950000)
  eden space 4416K,   0% used [0x04400000, 0x04400000, 0x04850000)
  from space 512K,  40% used [0x04850000, 0x048846d0, 0x048d0000)
  to   space 512K,   0% used [0x048d0000, 0x048d0000, 0x04950000)
 tenured generation   total 10944K, used 6285K [0x09950000, 0x0a400000, 0x14400000)
   the space 10944K,  57% used [0x09950000, 0x09f73430, 0x09f73600, 0x0a400000)
 Metaspace       used 566K, capacity 2592K, committed 2624K, reserved 4480K
}
Event: 3.511 GC heap before
{Heap before GC invocations=6 (full 0):
 def new generation   total 4928K, used 4625K [0x04400000, 0x04950000, 0x09950000)
  eden space 4416K, 100% used [0x04400000, 0x04850000, 0x04850000)
  from space 512K,  40% used [0x04850000, 0x048846d0, 0x048d0000)
  to   space 512K,   0% used [0x048d0000, 0x048d0000, 0x04950000)
 tenured generation   total 10944K, used 6285K [0x09950000, 0x0a400000, 0x14400000)
   the space 10944K,  57% used [0x09950000, 0x09f73430, 0x09f73600, 0x0a400000)
 Metaspace       used 566K, capacity 2592K, committed 2624K, reserved 4480K
Event: 3.513 GC heap after
Heap after GC invocations=7 (full 0):
 def new generation   total 4928K, used 211K [0x04400000, 0x04950000, 0x09950000)
  eden space 4416K,   0% used [0x04400000, 0x04400000, 0x04850000)
  from space 512K,  41% used [0x048d0000, 0x04904d98, 0x04950000)
  to   space 512K,   0% used [0x04850000, 0x04850000, 0x048d0000)
 tenured generation   total 10944K, used 6285K [0x09950000, 0x0a400000, 0x14400000)
   the space 10944K,  57% used [0x09950000, 0x09f73430, 0x09f73600, 0x0a400000)
 Metaspace       used 566K, capacity 2592K, committed 2624K, reserved 4480K
}
Event: 5.219 GC heap before
{Heap before GC invocations=7 (full 0):
 def new generation   total 4928K, used 4622K [0x04400000, 0x04950000, 0x09950000)
  eden space 4416K,  99% used [0x04400000, 0x0484eb98, 0x04850000)
  from space 512K,  41% used [0x048d0000, 0x04904d98, 0x04950000)
  to   space 512K,   0% used [0x04850000, 0x04850000, 0x048d0000)
 tenured generation   total 10944K, used 6285K [0x09950000, 0x0a400000, 0x14400000)
   the space 10944K,  57% used [0x09950000, 0x09f73430, 0x09f73600, 0x0a400000)
 Metaspace       used 654K, capacity 2631K, committed 2752K, reserved 4480K
Event: 5.229 GC heap after
Heap after GC invocations=8 (full 0):
 def new generation   total 4928K, used 380K [0x04400000, 0x04950000, 0x09950000)
  eden space 4416K,   0% used [0x04400000, 0x04400000, 0x04850000)
  from space 512K,  74% used [0x04850000, 0x048af248, 0x048d0000)
  to   space 512K,   0% used [0x048d0000, 0x048d0000, 0x04950000)
 tenured generation   total 10944K, used 10046K [0x09950000, 0x0a400000, 0x14400000)
   the space 10944K,  91% used [0x09950000, 0x0a31fb98, 0x0a31fc00, 0x0a400000)
 Metaspace       used 654K, capacity 2631K, committed 2752K, reserved 4480K
}

