# JRE version: Java(TM) SE Runtime Environment (8.0_92-b14) (build 1.8.0_92-b14)
# Java VM: Java HotSpot(TM) 64-Bit Server VM (25.92-b14 mixed mode windows-amd64 compressed oops)
Heap:
 PSYoungGen      total 38400K, used 22228K [0x00000000d5f00000, 0x00000000d8980000, 0x0000000100000000)
  eden space 33280K, 54% used [0x00000000d5f00000,0x00000000d70c7778,0x00000000d7f80000)
  from space 5120K, 78% used [0x00000000d8480000,0x00000000d886d9d0,0x00000000d8980000)
  to   space 5120K, 0% used [0x00000000d7f80000,0x00000000d7f80000,0x00000000d8480000)
 ParOldGen       total 210944K, used 184407K [0x0000000081c00000, 0x000000008ea00000, 0x00000000d5f00000)
  object space 210944K, 87% used [0x0000000081c00000,0x000000008d015ef0,0x000000008ea00000)
 Metaspace       used 12594K, capacity 12848K, committed 13184K, reserved 1060864K
  class space    used 1571K, capacity 1651K, committed 1664K, reserved 1048576K
GC Heap History (6 events):
Event: 1.509 GC heap before
{Heap before GC invocations=1 (full 0):
 PSYoungGen      total 38400K, used 31794K [0x00000000d5f00000, 0x00000000d8980000, 0x0000000100000000)
  eden space 33280K, 95% used [0x00000000d5f00000,0x00000000d7e0c840,0x00000000d7f80000)
  from space 5120K, 0% used [0x00000000d8480000,0x00000000d8480000,0x00000000d8980000)
  to   space 5120K, 0% used [0x00000000d7f80000,0x00000000d7f80000,0x00000000d8480000)
 ParOldGen       total 115712K, used 109490K [0x0000000081c00000, 0x0000000088d00000, 0x00000000d5f00000)
  object space 115712K, 94% used [0x0000000081c00000,0x00000000886ecb18,0x0000000088d00000)
 Metaspace       used 9402K, capacity 9596K, committed 9728K, reserved 1058816K
  class space    used 1126K, capacity 1192K, committed 1280K, reserved 1048576K
Event: 1.517 GC heap after
Heap after GC invocations=1 (full 0):
 PSYoungGen      total 38400K, used 4213K [0x00000000d5f00000, 0x00000000d8980000, 0x0000000100000000)
  eden space 33280K, 0% used [0x00000000d5f00000,0x00000000d5f00000,0x00000000d7f80000)
  from space 5120K, 82% used [0x00000000d7f80000,0x00000000d839d5e8,0x00000000d8480000)
  to   space 5120K, 0% used [0x00000000d8480000,0x00000000d8480000,0x00000000d8980000)
 ParOldGen       total 133632K, used 132619K [0x0000000081c00000, 0x0000000089e80000, 0x00000000d5f00000)
  object space 133632K, 99% used [0x0000000081c00000,0x0000000089d82c28,0x0000000089e80000)
 Metaspace       used 9402K, capacity 9596K, committed 9728K, reserved 1058816K
  class space    used 1126K, capacity 1192K, committed 1280K, reserved 1048576K
}
Event: 1.517 GC heap before
{Heap before GC invocations=2 (full 1):
 PSYoungGen      total 38400K, used 4213K [0x00000000d5f00000, 0x00000000d8980000, 0x0000000100000000)
  eden space 33280K, 0% used [0x00000000d5f00000,0x00000000d5f00000,0x00000000d7f80000)
  from space 5120K, 82% used [0x00000000d7f80000,0x00000000d839d5e8,0x00000000d8480000)
  to   space 5120K, 0% used [0x00000000d8480000,0x00000000d8480000,0x00000000d8980000)
 ParOldGen       total 133632K, used 132619K [0x0000000081c00000, 0x0000000089e80000, 0x00000000d5f00000)
  object space 133632K, 99% used [0x0000000081c00000,0x0000000089d82c28,0x0000000089e80000)
 Metaspace       used 9402K, capacity 9596K, committed 9728K, reserved 1058816K
  class space    used 1126K, capacity 1192K, committed 1280K, reserved 1048576K
Event: 1.530 GC heap after
Heap after GC invocations=2 (full 1):
 PSYoungGen      total 38400K, used 0K [0x00000000d5f00000, 0x00000000d8980000, 0x0000000100000000)
  eden space 33280K, 0% used [0x00000000d5f00000,0x00000000d5f00000,0x00000000d7f80000)
  from space 5120K, 0% used [0x00000000d7f80000,0x00000000d7f80000,0x00000000d8480000)
  to   space 5120K, 0% used [0x00000000d8480000,0x00000000d8480000,0x00000000d8980000)
 ParOldGen       total 210944K, used 128226K [0x0000000081c00000, 0x000000008ea00000, 0x00000000d5f00000)
  object space 210944K, 60% used [0x0000000081c00000,0x0000000089938b90,0x000000008ea00000)
 Metaspace       used 9402K, capacity 9596K, committed 9728K, reserved 1058816K
  class space    used 1126K, capacity 1192K, committed 1280K, reserved 1048576K
}
Event: 35.581 GC heap before
{Heap before GC invocations=3 (full 1):
 PSYoungGen      total 38400K, used 33280K [0x00000000d5f00000, 0x00000000d8980000, 0x0000000100000000)
  eden space 33280K, 100% used [0x00000000d5f00000,0x00000000d7f80000,0x00000000d7f80000)
  from space 5120K, 0% used [0x00000000d7f80000,0x00000000d7f80000,0x00000000d8480000)
  to   space 5120K, 0% used [0x00000000d8480000,0x00000000d8480000,0x00000000d8980000)
 ParOldGen       total 210944K, used 154354K [0x0000000081c00000, 0x000000008ea00000, 0x00000000d5f00000)
  object space 210944K, 73% used [0x0000000081c00000,0x000000008b2bc930,0x000000008ea00000)
 Metaspace       used 12487K, capacity 12720K, committed 12928K, reserved 1060864K
  class space    used 1567K, capacity 1651K, committed 1664K, reserved 1048576K
Event: 35.584 GC heap after
Heap after GC invocations=3 (full 1):
 PSYoungGen      total 38400K, used 4022K [0x00000000d5f00000, 0x00000000d8980000, 0x0000000100000000)
  eden space 33280K, 0% used [0x00000000d5f00000,0x00000000d5f00000,0x00000000d7f80000)
  from space 5120K, 78% used [0x00000000d8480000,0x00000000d886d9d0,0x00000000d8980000)
  to   space 5120K, 0% used [0x00000000d7f80000,0x00000000d7f80000,0x00000000d8480000)
 ParOldGen       total 210944K, used 159407K [0x0000000081c00000, 0x000000008ea00000, 0x00000000d5f00000)
  object space 210944K, 75% used [0x0000000081c00000,0x000000008b7abee0,0x000000008ea00000)
 Metaspace       used 12487K, capacity 12720K, committed 12928K, reserved 1060864K
  class space    used 1567K, capacity 1651K, committed 1664K, reserved 1048576K
}

