# JRE version: Java(TM) SE Runtime Environment (8.0_66-b18) (build 1.8.0_66-b18)
# Java VM: Java HotSpot(TM) Client VM (25.66-b18 mixed mode windows-x86 )
Heap:
 def new generation   total 7808K, used 753K [0x10c00000, 0x11470000, 0x16150000)
  eden space 6976K,  10% used [0x10c00000, 0x10cbc7c0, 0x112d0000)
  from space 832K,   0% used [0x112d0000, 0x112d0000, 0x113a0000)
  to   space 832K,   0% used [0x113a0000, 0x113a0000, 0x11470000)
 tenured generation   total 17188K, used 10311K [0x16150000, 0x17219000, 0x20c00000)
   the space 17188K,  59% used [0x16150000, 0x16b61d98, 0x16b61e00, 0x17219000)
 Metaspace       used 5621K, capacity 5794K, committed 5888K, reserved 6528K
GC Heap History (8 events):
Event: 0.768 GC heap before
{Heap before GC invocations=0 (full 0):
 def new generation   total 4928K, used 3583K [0x10c00000, 0x11150000, 0x16150000)
  eden space 4416K,  81% used [0x10c00000, 0x10f7ff68, 0x11050000)
  from space 512K,   0% used [0x11050000, 0x11050000, 0x110d0000)
  to   space 512K,   0% used [0x110d0000, 0x110d0000, 0x11150000)
 tenured generation   total 10944K, used 0K [0x16150000, 0x16c00000, 0x20c00000)
   the space 10944K,   0% used [0x16150000, 0x16150000, 0x16150200, 0x16c00000)
 Metaspace       used 4968K, capacity 5154K, committed 5248K, reserved 5504K
Event: 0.779 GC heap after
Heap after GC invocations=1 (full 0):
 def new generation   total 4928K, used 512K [0x10c00000, 0x11150000, 0x16150000)
  eden space 4416K,   0% used [0x10c00000, 0x10c00000, 0x11050000)
  from space 512K, 100% used [0x110d0000, 0x11150000, 0x11150000)
  to   space 512K,   0% used [0x11050000, 0x11050000, 0x110d0000)
 tenured generation   total 10944K, used 624K [0x16150000, 0x16c00000, 0x20c00000)
   the space 10944K,   5% used [0x16150000, 0x161ec1e0, 0x161ec200, 0x16c00000)
 Metaspace       used 4968K, capacity 5154K, committed 5248K, reserved 5504K
}
Event: 1.111 GC heap before
{Heap before GC invocations=1 (full 0):
 def new generation   total 4928K, used 4923K [0x10c00000, 0x11150000, 0x16150000)
  eden space 4416K,  99% used [0x10c00000, 0x1104ee58, 0x11050000)
  from space 512K, 100% used [0x110d0000, 0x11150000, 0x11150000)
  to   space 512K,   0% used [0x11050000, 0x11050000, 0x110d0000)
 tenured generation   total 10944K, used 6658K [0x16150000, 0x16c00000, 0x20c00000)
   the space 10944K,  60% used [0x16150000, 0x167d0848, 0x167d0a00, 0x16c00000)
 Metaspace       used 5459K, capacity 5634K, committed 5760K, reserved 6528K
Event: 1.119 GC heap after
Heap after GC invocations=2 (full 0):
 def new generation   total 4928K, used 119K [0x10c00000, 0x11150000, 0x16150000)
  eden space 4416K,   0% used [0x10c00000, 0x10c00000, 0x11050000)
  from space 512K,  23% used [0x11050000, 0x1106de18, 0x110d0000)
  to   space 512K,   0% used [0x110d0000, 0x110d0000, 0x11150000)
 tenured generation   total 10944K, used 10038K [0x16150000, 0x16c00000, 0x20c00000)
   the space 10944K,  91% used [0x16150000, 0x16b1daf0, 0x16b1dc00, 0x16c00000)
 Metaspace       used 5459K, capacity 5634K, committed 5760K, reserved 6528K
}
Event: 1.296 GC heap before
{Heap before GC invocations=2 (full 0):
 def new generation   total 4928K, used 4530K [0x10c00000, 0x11150000, 0x16150000)
  eden space 4416K,  99% used [0x10c00000, 0x1104eca0, 0x11050000)
  from space 512K,  23% used [0x11050000, 0x1106de18, 0x110d0000)
  to   space 512K,   0% used [0x110d0000, 0x110d0000, 0x11150000)
 tenured generation   total 10944K, used 10038K [0x16150000, 0x16c00000, 0x20c00000)
   the space 10944K,  91% used [0x16150000, 0x16b1daf0, 0x16b1dc00, 0x16c00000)
 Metaspace       used 5459K, capacity 5634K, committed 5760K, reserved 6528K
Event: 1.297 GC heap after
Heap after GC invocations=3 (full 0):
 def new generation   total 4928K, used 95K [0x10c00000, 0x11150000, 0x16150000)
  eden space 4416K,   0% used [0x10c00000, 0x10c00000, 0x11050000)
  from space 512K,  18% used [0x110d0000, 0x110e7c28, 0x11150000)
  to   space 512K,   0% used [0x11050000, 0x11050000, 0x110d0000)
 tenured generation   total 10944K, used 10038K [0x16150000, 0x16c00000, 0x20c00000)
   the space 10944K,  91% used [0x16150000, 0x16b1daf0, 0x16b1dc00, 0x16c00000)
 Metaspace       used 5459K, capacity 5634K, committed 5760K, reserved 6528K
}
Event: 1.431 GC heap before
{Heap before GC invocations=3 (full 0):
 def new generation   total 4928K, used 4511K [0x10c00000, 0x11150000, 0x16150000)
  eden space 4416K, 100% used [0x10c00000, 0x11050000, 0x11050000)
  from space 512K,  18% used [0x110d0000, 0x110e7c28, 0x11150000)
  to   space 512K,   0% used [0x11050000, 0x11050000, 0x110d0000)
 tenured generation   total 10944K, used 10038K [0x16150000, 0x16c00000, 0x20c00000)
   the space 10944K,  91% used [0x16150000, 0x16b1daf0, 0x16b1dc00, 0x16c00000)
 Metaspace       used 5539K, capacity 5730K, committed 5760K, reserved 6528K
Event: 1.451 GC heap after
Heap after GC invocations=4 (full 1):
 def new generation   total 7808K, used 0K [0x10c00000, 0x11470000, 0x16150000)
  eden space 6976K,   0% used [0x10c00000, 0x10c00000, 0x112d0000)
  from space 832K,   0% used [0x112d0000, 0x112d0000, 0x113a0000)
  to   space 832K,   0% used [0x113a0000, 0x113a0000, 0x11470000)
 tenured generation   total 17188K, used 10311K [0x16150000, 0x17219000, 0x20c00000)
   the space 17188K,  59% used [0x16150000, 0x16b61d98, 0x16b61e00, 0x17219000)
 Metaspace       used 5539K, capacity 5730K, committed 5760K, reserved 6528K
}

