# JRE version: Java(TM) SE Runtime Environment (8.0_66-b18) (build 1.8.0_66-b18)
# Java VM: Java HotSpot(TM) Client VM (25.66-b18 mixed mode, sharing windows-x86 )
Heap:
 def new generation   total 4928K, used 1312K [0x04600000, 0x04b50000, 0x09b50000)
  eden space 4416K,  19% used [0x04600000, 0x046d65f8, 0x04a50000)
  from space 512K,  88% used [0x04ad0000, 0x04b41c90, 0x04b50000)
  to   space 512K,   0% used [0x04a50000, 0x04a50000, 0x04ad0000)
 tenured generation   total 10944K, used 10045K [0x09b50000, 0x0a600000, 0x14600000)
   the space 10944K,  91% used [0x09b50000, 0x0a51f600, 0x0a51f600, 0x0a600000)
 Metaspace       used 716K, capacity 2641K, committed 2752K, reserved 4480K
GC Heap History (10 events):
Event: 1.460 GC heap before
{Heap before GC invocations=2 (full 0):
 def new generation   total 4928K, used 4928K [0x04600000, 0x04b50000, 0x09b50000)
  eden space 4416K, 100% used [0x04600000, 0x04a50000, 0x04a50000)
  from space 512K, 100% used [0x04a50000, 0x04ad0000, 0x04ad0000)
  to   space 512K,   0% used [0x04ad0000, 0x04ad0000, 0x04b50000)
 tenured generation   total 10944K, used 1564K [0x09b50000, 0x0a600000, 0x14600000)
   the space 10944K,  14% used [0x09b50000, 0x09cd7350, 0x09cd7400, 0x0a600000)
 Metaspace       used 375K, capacity 2592K, committed 2624K, reserved 4480K
Event: 1.465 GC heap after
Heap after GC invocations=3 (full 0):
 def new generation   total 4928K, used 274K [0x04600000, 0x04b50000, 0x09b50000)
  eden space 4416K,   0% used [0x04600000, 0x04600000, 0x04a50000)
  from space 512K,  53% used [0x04ad0000, 0x04b14920, 0x04b50000)
  to   space 512K,   0% used [0x04a50000, 0x04a50000, 0x04ad0000)
 tenured generation   total 10944K, used 2071K [0x09b50000, 0x0a600000, 0x14600000)
   the space 10944K,  18% used [0x09b50000, 0x09d55fa8, 0x09d56000, 0x0a600000)
 Metaspace       used 375K, capacity 2592K, committed 2624K, reserved 4480K
}
Event: 1.545 GC heap before
{Heap before GC invocations=3 (full 0):
 def new generation   total 4928K, used 1495K [0x04600000, 0x04b50000, 0x09b50000)
  eden space 4416K,  27% used [0x04600000, 0x047314e8, 0x04a50000)
  from space 512K,  53% used [0x04ad0000, 0x04b14920, 0x04b50000)
  to   space 512K,   0% used [0x04a50000, 0x04a50000, 0x04ad0000)
 tenured generation   total 10944K, used 2071K [0x09b50000, 0x0a600000, 0x14600000)
   the space 10944K,  18% used [0x09b50000, 0x09d55fa8, 0x09d56000, 0x0a600000)
 Metaspace       used 557K, capacity 2592K, committed 2624K, reserved 4480K
Event: 1.547 GC heap after
Heap after GC invocations=4 (full 0):
 def new generation   total 4928K, used 196K [0x04600000, 0x04b50000, 0x09b50000)
  eden space 4416K,   0% used [0x04600000, 0x04600000, 0x04a50000)
  from space 512K,  38% used [0x04a50000, 0x04a81310, 0x04ad0000)
  to   space 512K,   0% used [0x04ad0000, 0x04ad0000, 0x04b50000)
 tenured generation   total 10944K, used 2341K [0x09b50000, 0x0a600000, 0x14600000)
   the space 10944K,  21% used [0x09b50000, 0x09d99520, 0x09d99600, 0x0a600000)
 Metaspace       used 557K, capacity 2592K, committed 2624K, reserved 4480K
}
Event: 1.644 GC heap before
{Heap before GC invocations=4 (full 0):
 def new generation   total 4928K, used 4612K [0x04600000, 0x04b50000, 0x09b50000)
  eden space 4416K, 100% used [0x04600000, 0x04a50000, 0x04a50000)
  from space 512K,  38% used [0x04a50000, 0x04a81310, 0x04ad0000)
  to   space 512K,   0% used [0x04ad0000, 0x04ad0000, 0x04b50000)
 tenured generation   total 10944K, used 2341K [0x09b50000, 0x0a600000, 0x14600000)
   the space 10944K,  21% used [0x09b50000, 0x09d99520, 0x09d99600, 0x0a600000)
 Metaspace       used 566K, capacity 2592K, committed 2624K, reserved 4480K
Event: 1.650 GC heap after
Heap after GC invocations=5 (full 0):
 def new generation   total 4928K, used 212K [0x04600000, 0x04b50000, 0x09b50000)
  eden space 4416K,   0% used [0x04600000, 0x04600000, 0x04a50000)
  from space 512K,  41% used [0x04ad0000, 0x04b05018, 0x04b50000)
  to   space 512K,   0% used [0x04a50000, 0x04a50000, 0x04ad0000)
 tenured generation   total 10944K, used 6283K [0x09b50000, 0x0a600000, 0x14600000)
   the space 10944K,  57% used [0x09b50000, 0x0a172e98, 0x0a173000, 0x0a600000)
 Metaspace       used 566K, capacity 2592K, committed 2624K, reserved 4480K
}
Event: 3.005 GC heap before
{Heap before GC invocations=5 (full 0):
 def new generation   total 4928K, used 1507K [0x04600000, 0x04b50000, 0x09b50000)
  eden space 4416K,  29% used [0x04600000, 0x04743e08, 0x04a50000)
  from space 512K,  41% used [0x04ad0000, 0x04b05018, 0x04b50000)
  to   space 512K,   0% used [0x04a50000, 0x04a50000, 0x04ad0000)
 tenured generation   total 10944K, used 6283K [0x09b50000, 0x0a600000, 0x14600000)
   the space 10944K,  57% used [0x09b50000, 0x0a172e98, 0x0a173000, 0x0a600000)
 Metaspace       used 578K, capacity 2592K, committed 2624K, reserved 4480K
Event: 3.006 GC heap after
Heap after GC invocations=6 (full 0):
 def new generation   total 4928K, used 228K [0x04600000, 0x04b50000, 0x09b50000)
  eden space 4416K,   0% used [0x04600000, 0x04600000, 0x04a50000)
  from space 512K,  44% used [0x04a50000, 0x04a89060, 0x04ad0000)
  to   space 512K,   0% used [0x04ad0000, 0x04ad0000, 0x04b50000)
 tenured generation   total 10944K, used 6283K [0x09b50000, 0x0a600000, 0x14600000)
   the space 10944K,  57% used [0x09b50000, 0x0a172e98, 0x0a173000, 0x0a600000)
 Metaspace       used 578K, capacity 2592K, committed 2624K, reserved 4480K
}
Event: 3.399 GC heap before
{Heap before GC invocations=6 (full 0):
 def new generation   total 4928K, used 4644K [0x04600000, 0x04b50000, 0x09b50000)
  eden space 4416K, 100% used [0x04600000, 0x04a50000, 0x04a50000)
  from space 512K,  44% used [0x04a50000, 0x04a89060, 0x04ad0000)
  to   space 512K,   0% used [0x04ad0000, 0x04ad0000, 0x04b50000)
 tenured generation   total 10944K, used 6283K [0x09b50000, 0x0a600000, 0x14600000)
   the space 10944K,  57% used [0x09b50000, 0x0a172e98, 0x0a173000, 0x0a600000)
 Metaspace       used 658K, capacity 2631K, committed 2752K, reserved 4480K
Event: 3.408 GC heap after
Heap after GC invocations=7 (full 0):
 def new generation   total 4928K, used 455K [0x04600000, 0x04b50000, 0x09b50000)
  eden space 4416K,   0% used [0x04600000, 0x04600000, 0x04a50000)
  from space 512K,  88% used [0x04ad0000, 0x04b41c90, 0x04b50000)
  to   space 512K,   0% used [0x04a50000, 0x04a50000, 0x04ad0000)
 tenured generation   total 10944K, used 10045K [0x09b50000, 0x0a600000, 0x14600000)
   the space 10944K,  91% used [0x09b50000, 0x0a51f600, 0x0a51f600, 0x0a600000)
 Metaspace       used 658K, capacity 2631K, committed 2752K, reserved 4480K
}

